2025-12-08 20:33:39,374 INFO o.a.j.u.JMeterUtils: Setting Locale to en_EN
2025-12-08 20:33:39,391 INFO o.a.j.JMeter: Loading user properties from: C:\apache-jmeter-5.6.3\bin\user.properties
2025-12-08 20:33:39,392 INFO o.a.j.JMeter: Loading system properties from: C:\apache-jmeter-5.6.3\bin\system.properties
2025-12-08 20:33:39,400 INFO o.a.j.JMeter: Copyright (c) 1998-2024 The Apache Software Foundation
2025-12-08 20:33:39,400 INFO o.a.j.JMeter: Version 5.6.3
2025-12-08 20:33:39,400 INFO o.a.j.JMeter: java.version=25
2025-12-08 20:33:39,400 INFO o.a.j.JMeter: java.vm.name=Java HotSpot(TM) 64-Bit Server VM
2025-12-08 20:33:39,400 INFO o.a.j.JMeter: os.name=Windows 10
2025-12-08 20:33:39,400 INFO o.a.j.JMeter: os.arch=amd64
2025-12-08 20:33:39,400 INFO o.a.j.JMeter: os.version=10.0
2025-12-08 20:33:39,400 INFO o.a.j.JMeter: file.encoding=UTF-8
2025-12-08 20:33:39,401 INFO o.a.j.JMeter: java.awt.headless=true
2025-12-08 20:33:39,401 INFO o.a.j.JMeter: Max memory     =1073741824
2025-12-08 20:33:39,401 INFO o.a.j.JMeter: Available Processors =4
2025-12-08 20:33:39,416 INFO o.a.j.JMeter: Default Locale=English (EN)
2025-12-08 20:33:39,417 INFO o.a.j.JMeter: JMeter  Locale=English (EN)
2025-12-08 20:33:39,417 INFO o.a.j.JMeter: JMeterHome=C:\apache-jmeter-5.6.3
2025-12-08 20:33:39,417 INFO o.a.j.JMeter: user.dir  =C:\apache-jmeter-5.6.3\bin\jmeter_project
2025-12-08 20:33:39,417 INFO o.a.j.JMeter: PWD       =C:\apache-jmeter-5.6.3\bin\jmeter_project
2025-12-08 20:33:39,420 INFO o.a.j.JMeter: IP: 172.19.36.218 Name: a448e88e78845ab FullName: 172.19.36.218
2025-12-08 20:33:39,434 INFO o.a.j.JMeter: Setting property 'jmeter.reportgenerator.outputdir' to:'C:\apache-jmeter-5.6.3\bin\jmeter_project\reports'
2025-12-08 20:33:39,437 INFO o.a.j.s.FileServer: Default base='C:\apache-jmeter-5.6.3\bin\jmeter_project'
2025-12-08 20:33:39,438 INFO o.a.j.s.FileServer: Set new base='C:\apache-jmeter-5.6.3\bin\jmeter_project'
2025-12-08 20:33:39,744 INFO o.a.j.s.SaveService: Testplan (JMX) version: 2.2. Testlog (JTL) version: 2.2
2025-12-08 20:33:39,765 INFO o.a.j.s.SaveService: Using SaveService properties version 5.0
2025-12-08 20:33:39,768 INFO o.a.j.s.SaveService: Using SaveService properties file encoding UTF-8
2025-12-08 20:33:39,772 INFO o.a.j.s.SaveService: Loading file: JDBC_jmeter.jmx
2025-12-08 20:33:39,872 INFO o.a.j.JMeter: Creating summariser <summary>
2025-12-08 20:33:39,877 INFO o.a.j.r.d.ReportGenerator: ReportGenerator will use for Parsing the separator: ','
2025-12-08 20:33:39,877 INFO o.a.j.r.d.ReportGenerator: Will generate report at end of test from  results file: result.jtl
2025-12-08 20:33:39,877 INFO o.a.j.r.d.ReportGenerator: Reading report generator properties from: C:\apache-jmeter-5.6.3\bin\reportgenerator.properties
2025-12-08 20:33:39,878 INFO o.a.j.r.d.ReportGenerator: Merging with JMeter properties
2025-12-08 20:33:39,882 INFO o.a.j.r.c.ReportGeneratorConfiguration: Property 'jmeter.reportgenerator.temp_dir' not found, using default value 'temp' instead.
2025-12-08 20:33:39,884 INFO o.a.j.r.c.ReportGeneratorConfiguration: Property 'jmeter.reportgenerator.apdex_per_transaction' not found, using default value 'null' instead.
2025-12-08 20:33:39,889 INFO o.a.j.r.c.ReportGeneratorConfiguration: apdex_per_transaction is empty, not APDEX per transaction customization
2025-12-08 20:33:39,889 INFO o.a.j.r.c.ReportGeneratorConfiguration: Property 'jmeter.reportgenerator.sample_filter' not found, using default value 'null' instead.
2025-12-08 20:33:39,889 INFO o.a.j.r.c.ReportGeneratorConfiguration: Property 'jmeter.reportgenerator.report_title' not found, using default value 'null' instead.
2025-12-08 20:33:39,890 INFO o.a.j.r.c.ReportGeneratorConfiguration: Property 'jmeter.reportgenerator.start_date' not found, using default value 'null' instead.
2025-12-08 20:33:39,890 INFO o.a.j.r.c.ReportGeneratorConfiguration: Property 'jmeter.reportgenerator.end_date' not found, using default value 'null' instead.
2025-12-08 20:33:39,890 INFO o.a.j.r.c.ReportGeneratorConfiguration: Property 'jmeter.reportgenerator.date_format' not found, using default value 'null' instead.
2025-12-08 20:33:39,890 INFO o.a.j.r.c.ReportGeneratorConfiguration: Will use date range start date: null, end date: null
2025-12-08 20:33:39,894 INFO o.a.j.r.c.ReportGeneratorConfiguration: Property 'jmeter.reportgenerator.graph.totalTPS.exclude_controllers' not found, using default value 'false' instead.
2025-12-08 20:33:39,894 INFO o.a.j.r.c.ReportGeneratorConfiguration: Property 'jmeter.reportgenerator.graph.activeThreadsOverTime.exclude_controllers' not found, using default value 'false' instead.
2025-12-08 20:33:39,894 INFO o.a.j.r.c.ReportGeneratorConfiguration: Property 'jmeter.reportgenerator.graph.timeVsThreads.exclude_controllers' not found, using default value 'false' instead.
2025-12-08 20:33:39,894 INFO o.a.j.r.c.ReportGeneratorConfiguration: Property 'jmeter.reportgenerator.graph.responseTimeDistribution.exclude_controllers' not found, using default value 'false' instead.
2025-12-08 20:33:39,895 INFO o.a.j.r.c.ReportGeneratorConfiguration: Property 'jmeter.reportgenerator.graph.transactionsPerSecond.exclude_controllers' not found, using default value 'false' instead.
2025-12-08 20:33:39,895 INFO o.a.j.r.c.ReportGeneratorConfiguration: Property 'jmeter.reportgenerator.graph.responseTimePercentiles.exclude_controllers' not found, using default value 'false' instead.
2025-12-08 20:33:39,895 INFO o.a.j.r.c.ReportGeneratorConfiguration: Property 'jmeter.reportgenerator.graph.responseTimePercentilesOverTime.exclude_controllers' not found, using default value 'false' instead.
2025-12-08 20:33:39,895 INFO o.a.j.r.c.ReportGeneratorConfiguration: Property 'jmeter.reportgenerator.graph.responseTimesOverTime.exclude_controllers' not found, using default value 'false' instead.
2025-12-08 20:33:39,895 INFO o.a.j.r.c.ReportGeneratorConfiguration: Property 'jmeter.reportgenerator.graph.connectTimeOverTime.exclude_controllers' not found, using default value 'false' instead.
2025-12-08 20:33:39,895 INFO o.a.j.r.c.ReportGeneratorConfiguration: Property 'jmeter.reportgenerator.graph.latenciesOverTime.exclude_controllers' not found, using default value 'false' instead.
2025-12-08 20:33:39,896 INFO o.a.j.r.c.ReportGeneratorConfiguration: Property 'jmeter.reportgenerator.exporter.json.filters_only_sample_series' not found, using default value 'true' instead.
2025-12-08 20:33:39,896 INFO o.a.j.r.c.ReportGeneratorConfiguration: Property 'jmeter.reportgenerator.exporter.json.series_filter' not found, using default value '' instead.
2025-12-08 20:33:39,896 INFO o.a.j.r.c.ReportGeneratorConfiguration: Property 'jmeter.reportgenerator.exporter.json.show_controllers_only' not found, using default value 'false' instead.
2025-12-08 20:33:39,897 INFO o.a.j.r.c.ReportGeneratorConfiguration: Property 'jmeter.reportgenerator.exporter.html.filters_only_sample_series' not found, using default value 'true' instead.
2025-12-08 20:33:39,897 INFO o.a.j.r.c.ReportGeneratorConfiguration: Property 'jmeter.reportgenerator.exporter.html.series_filter' not found, using default value '' instead.
2025-12-08 20:33:39,897 INFO o.a.j.r.c.ReportGeneratorConfiguration: Property 'jmeter.reportgenerator.exporter.html.show_controllers_only' not found, using default value 'false' instead.
2025-12-08 20:33:39,910 INFO o.a.j.e.StandardJMeterEngine: Running the test!
2025-12-08 20:33:39,911 INFO o.a.j.s.SampleEvent: List of sample_variables: []
2025-12-08 20:33:39,912 INFO o.a.j.s.SampleEvent: List of sample_variables: []
2025-12-08 20:33:39,917 INFO o.a.j.e.u.CompoundVariable: Note: Function class names must contain the string: '.functions.'
2025-12-08 20:33:39,917 INFO o.a.j.e.u.CompoundVariable: Note: Function class names must not contain the string: '.gui.'
2025-12-08 20:33:39,985 INFO o.a.j.r.ClassFinder: Will scan jar C:\apache-jmeter-5.6.3\lib\ext\jmeter-plugins-webdriver-4.13.0.2.jar with filter ExtendsClassFilter [parents=[interface org.apache.jmeter.functions.Function], inner=false, contains=null, notContains=null]. Consider exposing JMeter plugins via META-INF/services, and add JMeter-Skip-Class-Scanning=true manifest attribute so JMeter can skip classfile scanning
2025-12-08 20:33:40,001 INFO o.a.j.r.ClassFinder: Will scan jar C:\apache-jmeter-5.6.3\lib\ext\jmeter-plugins-perfmon-2.1.jar with filter ExtendsClassFilter [parents=[interface org.apache.jmeter.functions.Function], inner=false, contains=null, notContains=null]. Consider exposing JMeter plugins via META-INF/services, and add JMeter-Skip-Class-Scanning=true manifest attribute so JMeter can skip classfile scanning
2025-12-08 20:33:40,008 INFO o.a.j.r.ClassFinder: Will scan jar C:\apache-jmeter-5.6.3\lib\ext\jmeter-plugins-manager-1.11.jar with filter ExtendsClassFilter [parents=[interface org.apache.jmeter.functions.Function], inner=false, contains=null, notContains=null]. Consider exposing JMeter plugins via META-INF/services, and add JMeter-Skip-Class-Scanning=true manifest attribute so JMeter can skip classfile scanning
2025-12-08 20:33:40,121 INFO o.a.j.r.ClassFinder: Will scan jar C:\apache-jmeter-5.6.3\lib\ext\jmeter-plugins-casutg-3.1.1.jar with filter ExtendsClassFilter [parents=[interface org.apache.jmeter.functions.Function], inner=false, contains=null, notContains=null]. Consider exposing JMeter plugins via META-INF/services, and add JMeter-Skip-Class-Scanning=true manifest attribute so JMeter can skip classfile scanning
2025-12-08 20:33:40,181 INFO o.a.j.JMeter: Running test (1765206220181)
2025-12-08 20:33:40,205 INFO o.a.j.e.StandardJMeterEngine: Starting ThreadGroup: 1 : Throughput
2025-12-08 20:33:40,206 INFO o.a.j.e.StandardJMeterEngine: Starting 20 threads for group Throughput.
2025-12-08 20:33:40,206 INFO o.a.j.e.StandardJMeterEngine: Thread will continue on error
2025-12-08 20:33:40,206 INFO o.a.j.t.ThreadGroup: Starting thread group... number=1 threads=20 ramp-up=40 delayedStart=false
2025-12-08 20:33:40,212 INFO o.a.j.t.JMeterThread: Thread started: Throughput 1-1
2025-12-08 20:33:40,215 INFO o.a.j.t.ThreadGroup: Started thread group number 1
2025-12-08 20:33:40,216 INFO o.a.j.e.StandardJMeterEngine: Starting ThreadGroup: 2 : reponse time
2025-12-08 20:33:40,216 INFO o.a.j.e.StandardJMeterEngine: Starting 10 threads for group reponse time.
2025-12-08 20:33:40,216 INFO o.a.j.e.StandardJMeterEngine: Thread will continue on error
2025-12-08 20:33:40,218 INFO o.a.j.t.ThreadGroup: Starting thread group... number=2 threads=10 ramp-up=30 delayedStart=false
2025-12-08 20:33:40,221 INFO o.a.j.t.ThreadGroup: Started thread group number 2
2025-12-08 20:33:40,221 INFO o.a.j.e.StandardJMeterEngine: Starting ThreadGroup: 3 : jp@gc - Stepping Thread Group
2025-12-08 20:33:40,221 INFO o.a.j.e.StandardJMeterEngine: Starting 100 threads for group jp@gc - Stepping Thread Group.
2025-12-08 20:33:40,221 INFO o.a.j.e.StandardJMeterEngine: Thread will continue on error
2025-12-08 20:33:40,222 INFO k.a.j.t.AbstractSimpleThreadGroup: Starting thread group number 3 threads 100
2025-12-08 20:33:40,228 INFO o.a.j.s.SampleResult: Note: Sample TimeStamps are START times
2025-12-08 20:33:40,228 INFO o.a.j.s.SampleResult: sampleresult.default.encoding is set to UTF-8
2025-12-08 20:33:40,228 INFO o.a.j.s.SampleResult: sampleresult.useNanoTime=true
2025-12-08 20:33:40,229 INFO o.a.j.s.SampleResult: sampleresult.nanoThreadSleep=5000
2025-12-08 20:33:40,249 INFO k.a.j.t.AbstractSimpleThreadGroup: Started thread group number 3
2025-12-08 20:33:40,249 INFO o.a.j.e.StandardJMeterEngine: All thread groups have been started
2025-12-08 20:33:40,251 INFO o.a.j.t.JMeterThread: Thread started: reponse time 2-1
2025-12-08 20:33:40,254 INFO o.a.j.t.JMeterThread: Thread started: jp@gc - Stepping Thread Group 3-1
2025-12-08 20:33:40,274 INFO o.a.j.t.JMeterThread: Thread started: jp@gc - Stepping Thread Group 3-2
2025-12-08 20:33:40,323 INFO o.a.j.t.JMeterThread: Thread started: jp@gc - Stepping Thread Group 3-3
2025-12-08 20:33:40,377 INFO o.a.j.t.JMeterThread: Thread started: jp@gc - Stepping Thread Group 3-4
2025-12-08 20:33:40,423 INFO o.a.j.t.JMeterThread: Thread started: jp@gc - Stepping Thread Group 3-5
2025-12-08 20:33:40,479 INFO o.a.j.t.JMeterThread: Thread started: jp@gc - Stepping Thread Group 3-6
2025-12-08 20:33:40,523 INFO o.a.j.t.JMeterThread: Thread started: jp@gc - Stepping Thread Group 3-7
2025-12-08 20:33:40,574 INFO o.a.j.t.JMeterThread: Thread started: jp@gc - Stepping Thread Group 3-8
2025-12-08 20:33:40,623 INFO o.a.j.t.JMeterThread: Thread started: jp@gc - Stepping Thread Group 3-9
2025-12-08 20:33:40,957 INFO o.a.j.t.JMeterThread: Thread started: jp@gc - Stepping Thread Group 3-10
2025-12-08 20:33:40,965 INFO o.a.j.t.JMeterThread: Thread started: jp@gc - Stepping Thread Group 3-11
2025-12-08 20:33:40,966 INFO o.a.j.t.JMeterThread: Thread started: jp@gc - Stepping Thread Group 3-12
2025-12-08 20:33:40,977 INFO o.a.j.t.JMeterThread: Thread started: jp@gc - Stepping Thread Group 3-13
2025-12-08 20:33:40,979 INFO o.a.j.t.JMeterThread: Thread started: jp@gc - Stepping Thread Group 3-14
2025-12-08 20:33:40,980 INFO o.a.j.t.JMeterThread: Thread started: jp@gc - Stepping Thread Group 3-15
2025-12-08 20:33:40,981 INFO o.a.j.t.JMeterThread: Thread started: jp@gc - Stepping Thread Group 3-16
2025-12-08 20:33:41,319 INFO o.a.j.t.JMeterThread: Thread is done: Throughput 1-1
2025-12-08 20:33:41,319 INFO o.a.j.t.JMeterThread: Thread finished: Throughput 1-1
2025-12-08 20:33:42,365 INFO o.a.j.t.JMeterThread: Thread started: jp@gc - Stepping Thread Group 3-17
2025-12-08 20:33:42,368 INFO o.a.j.t.JMeterThread: Thread started: jp@gc - Stepping Thread Group 3-18
2025-12-08 20:33:42,369 INFO o.a.j.t.JMeterThread: Thread started: jp@gc - Stepping Thread Group 3-19
2025-12-08 20:33:42,371 INFO o.a.j.t.JMeterThread: Thread started: jp@gc - Stepping Thread Group 3-20
2025-12-08 20:33:42,376 INFO o.a.j.t.JMeterThread: Thread started: Throughput 1-2
2025-12-08 20:33:46,713 INFO o.a.j.t.JMeterThread: Thread started: Throughput 1-4
2025-12-08 20:33:46,716 INFO o.a.j.t.JMeterThread: Thread started: reponse time 2-3
2025-12-08 20:33:46,717 INFO o.a.j.t.JMeterThread: Thread started: Throughput 1-3
2025-12-08 20:33:46,719 INFO o.a.j.t.JMeterThread: Thread started: reponse time 2-2
2025-12-08 20:33:50,370 INFO o.a.j.t.JMeterThread: Thread is done: Throughput 1-4
2025-12-08 20:33:50,370 INFO o.a.j.t.JMeterThread: Thread finished: Throughput 1-4
2025-12-08 20:33:50,381 INFO o.a.j.t.JMeterThread: Thread started: reponse time 2-4
2025-12-08 20:33:50,383 INFO o.a.j.t.JMeterThread: Thread started: Throughput 1-5
2025-12-08 20:33:50,384 INFO o.a.j.t.JMeterThread: Thread started: Throughput 1-6
2025-12-08 20:33:50,503 INFO o.a.j.t.JMeterThread: Thread is done: Throughput 1-2
2025-12-08 20:33:50,503 INFO o.a.j.t.JMeterThread: Thread finished: Throughput 1-2
2025-12-08 20:33:52,930 INFO o.a.j.t.JMeterThread: Thread started: jp@gc - Stepping Thread Group 3-21
2025-12-08 20:33:54,658 INFO o.a.j.t.JMeterThread: Thread is done: Throughput 1-6
2025-12-08 20:33:54,658 INFO o.a.j.t.JMeterThread: Thread finished: Throughput 1-6
2025-12-08 20:33:54,653 INFO o.a.j.t.JMeterThread: Thread started: jp@gc - Stepping Thread Group 3-23
2025-12-08 20:33:54,662 INFO o.a.j.t.JMeterThread: Thread started: Throughput 1-7
2025-12-08 20:33:54,667 INFO o.a.j.t.JMeterThread: Thread started: Throughput 1-8
2025-12-08 20:33:54,671 INFO o.a.j.t.JMeterThread: Thread started: jp@gc - Stepping Thread Group 3-22
2025-12-08 20:33:54,672 INFO o.a.j.t.JMeterThread: Thread started: reponse time 2-5
2025-12-08 20:33:54,673 INFO o.a.j.t.JMeterThread: Thread started: jp@gc - Stepping Thread Group 3-24
2025-12-08 20:33:54,736 INFO o.a.j.t.JMeterThread: Thread is done: Throughput 1-3
2025-12-08 20:33:54,736 INFO o.a.j.t.JMeterThread: Thread finished: Throughput 1-3
2025-12-08 20:33:56,911 INFO o.a.j.t.JMeterThread: Thread started: reponse time 2-6
2025-12-08 20:33:56,947 INFO o.a.j.t.JMeterThread: Thread is done: Throughput 1-5
2025-12-08 20:33:56,947 INFO o.a.j.t.JMeterThread: Thread finished: Throughput 1-5
2025-12-08 20:33:59,282 INFO o.a.j.t.JMeterThread: Thread started: Throughput 1-10
2025-12-08 20:33:59,283 INFO o.a.j.t.JMeterThread: Thread started: Throughput 1-9
2025-12-08 20:33:59,295 INFO o.a.j.t.JMeterThread: Thread started: reponse time 2-7
2025-12-08 20:33:59,301 INFO o.a.j.t.JMeterThread: Thread is done: Throughput 1-8
2025-12-08 20:33:59,301 INFO o.a.j.t.JMeterThread: Thread finished: Throughput 1-8
2025-12-08 20:34:00,002 INFO o.a.j.r.Summariser: summary + 284749 in 00:00:20 = 14367.5/s Avg:     0 Min:     0 Max:  8500 Err:    17 (0.01%) Active: 34 Started: 41 Finished: 7
2025-12-08 20:34:06,496 INFO o.a.j.t.JMeterThread: Thread started: Throughput 1-11
2025-12-08 20:34:06,550 INFO o.a.j.t.JMeterThread: Thread is done: Throughput 1-11
2025-12-08 20:34:06,551 INFO o.a.j.t.JMeterThread: Thread finished: Throughput 1-11
2025-12-08 20:34:06,579 INFO o.a.j.t.JMeterThread: Thread is done: Throughput 1-7
2025-12-08 20:34:06,579 INFO o.a.j.t.JMeterThread: Thread finished: Throughput 1-7
2025-12-08 20:34:08,424 INFO o.a.j.t.JMeterThread: Thread started: Throughput 1-14
2025-12-08 20:34:08,459 INFO o.a.j.t.JMeterThread: Thread started: Throughput 1-15
2025-12-08 20:34:08,522 INFO o.a.j.t.JMeterThread: Thread started: jp@gc - Stepping Thread Group 3-27
2025-12-08 20:34:08,524 INFO o.a.j.t.JMeterThread: Thread started: jp@gc - Stepping Thread Group 3-28
2025-12-08 20:34:08,528 INFO o.a.j.t.JMeterThread: Thread started: reponse time 2-8
2025-12-08 20:34:08,532 INFO o.a.j.t.JMeterThread: Thread started: reponse time 2-9
2025-12-08 20:34:08,537 INFO o.a.j.t.JMeterThread: Thread started: jp@gc - Stepping Thread Group 3-25
2025-12-08 20:34:08,537 INFO o.a.j.t.JMeterThread: Thread started: jp@gc - Stepping Thread Group 3-26
2025-12-08 20:34:08,539 INFO o.a.j.t.JMeterThread: Thread started: Throughput 1-13
2025-12-08 20:34:08,539 INFO o.a.j.t.JMeterThread: Thread started: Throughput 1-12
2025-12-08 20:34:08,541 INFO o.a.j.t.JMeterThread: Thread started: reponse time 2-10
2025-12-08 20:34:12,904 INFO o.a.j.t.JMeterThread: Thread started: Throughput 1-16
2025-12-08 20:34:12,904 INFO o.a.j.t.JMeterThread: Thread started: Throughput 1-17
2025-12-08 20:34:17,220 INFO o.a.j.t.JMeterThread: Thread is done: Throughput 1-9
2025-12-08 20:34:17,220 INFO o.a.j.t.JMeterThread: Thread finished: Throughput 1-9
2025-12-08 20:34:17,715 INFO o.a.j.t.JMeterThread: Thread started: jp@gc - Stepping Thread Group 3-29
2025-12-08 20:34:17,717 INFO o.a.j.t.JMeterThread: Thread started: jp@gc - Stepping Thread Group 3-30
2025-12-08 20:34:17,723 INFO o.a.j.t.JMeterThread: Thread started: jp@gc - Stepping Thread Group 3-31
2025-12-08 20:34:17,796 INFO o.a.j.t.JMeterThread: Thread started: Throughput 1-18
2025-12-08 20:34:17,819 INFO o.a.j.t.JMeterThread: Thread started: jp@gc - Stepping Thread Group 3-32
2025-12-08 20:34:17,827 INFO o.a.j.t.JMeterThread: Thread started: Throughput 1-19
2025-12-08 20:34:17,842 INFO o.a.j.t.JMeterThread: Thread is done: Throughput 1-18
2025-12-08 20:34:17,842 INFO o.a.j.t.JMeterThread: Thread finished: Throughput 1-18
2025-12-08 20:34:22,423 INFO o.a.j.t.JMeterThread: Thread started: Throughput 1-20
2025-12-08 20:34:23,258 INFO o.a.j.t.JMeterThread: Thread is done: Throughput 1-15
2025-12-08 20:34:23,258 INFO o.a.j.t.JMeterThread: Thread finished: Throughput 1-15
2025-12-08 20:34:24,915 INFO o.a.j.t.JMeterThread: Thread is done: Throughput 1-13
2025-12-08 20:34:24,915 INFO o.a.j.t.JMeterThread: Thread finished: Throughput 1-13
2025-12-08 20:34:25,728 INFO o.a.j.t.JMeterThread: Thread started: jp@gc - Stepping Thread Group 3-35
2025-12-08 20:34:25,957 INFO o.a.j.t.JMeterThread: Thread started: jp@gc - Stepping Thread Group 3-36
2025-12-08 20:34:25,957 INFO o.a.j.t.JMeterThread: Thread started: jp@gc - Stepping Thread Group 3-34
2025-12-08 20:34:27,062 INFO o.a.j.t.JMeterThread: Thread started: jp@gc - Stepping Thread Group 3-33
2025-12-08 20:34:30,000 INFO o.a.j.r.Summariser: summary + 507720 in 00:00:30 = 16924.0/s Avg:     1 Min:     0 Max: 25395 Err:    27 (0.01%) Active: 53 Started: 66 Finished: 13
2025-12-08 20:34:33,827 INFO o.a.j.t.JMeterThread: Thread is done: Throughput 1-12
2025-12-08 20:34:33,827 INFO o.a.j.t.JMeterThread: Thread finished: Throughput 1-12
2025-12-08 20:34:35,965 INFO o.a.j.r.Summariser: summary = 792469 in 00:00:50 = 15907.0/s Avg:     1 Min:     0 Max: 25395 Err:    44 (0.01%)
2025-12-08 20:34:36,710 INFO o.a.j.t.JMeterThread: Thread started: jp@gc - Stepping Thread Group 3-37
2025-12-08 20:34:41,436 INFO o.a.j.t.JMeterThread: Thread is done: Throughput 1-10
2025-12-08 20:34:41,436 INFO o.a.j.t.JMeterThread: Thread finished: Throughput 1-10
2025-12-08 20:34:41,463 INFO o.a.j.t.JMeterThread: Thread is done: Throughput 1-16
2025-12-08 20:34:41,463 INFO o.a.j.t.JMeterThread: Thread finished: Throughput 1-16
2025-12-08 20:34:41,463 INFO o.a.j.t.JMeterThread: Thread started: jp@gc - Stepping Thread Group 3-38
2025-12-08 20:34:40,769 INFO o.a.j.t.JMeterThread: Thread started: jp@gc - Stepping Thread Group 3-40
2025-12-08 20:34:40,738 INFO o.a.j.t.JMeterThread: Thread started: jp@gc - Stepping Thread Group 3-39
2025-12-08 20:34:43,917 INFO o.a.j.t.JMeterThread: Thread is done: Throughput 1-17
2025-12-08 20:34:43,917 INFO o.a.j.t.JMeterThread: Thread finished: Throughput 1-17
2025-12-08 20:34:43,951 INFO o.a.j.t.JMeterThread: Thread is done: Throughput 1-14
2025-12-08 20:34:43,951 INFO o.a.j.t.JMeterThread: Thread finished: Throughput 1-14
2025-12-08 20:34:43,980 INFO o.a.j.t.JMeterThread: Thread is done: Throughput 1-20
2025-12-08 20:34:43,980 INFO o.a.j.t.JMeterThread: Thread finished: Throughput 1-20
2025-12-08 20:34:46,223 INFO o.a.j.t.JMeterThread: Thread started: jp@gc - Stepping Thread Group 3-41
2025-12-08 20:34:46,228 INFO o.a.j.t.JMeterThread: Thread is done: Throughput 1-19
2025-12-08 20:34:46,228 INFO o.a.j.t.JMeterThread: Thread finished: Throughput 1-19
2025-12-08 20:34:46,473 INFO o.a.j.t.JMeterThread: Thread started: jp@gc - Stepping Thread Group 3-42
2025-12-08 20:34:46,723 INFO o.a.j.t.JMeterThread: Thread started: jp@gc - Stepping Thread Group 3-43
2025-12-08 20:34:50,433 INFO o.a.j.t.JMeterThread: Thread started: jp@gc - Stepping Thread Group 3-44
2025-12-08 20:34:57,473 INFO o.a.j.t.JMeterThread: Thread started: jp@gc - Stepping Thread Group 3-46
2025-12-08 20:34:57,723 INFO o.a.j.t.JMeterThread: Thread started: jp@gc - Stepping Thread Group 3-47
2025-12-08 20:34:58,034 INFO o.a.j.t.JMeterThread: Thread started: jp@gc - Stepping Thread Group 3-48
2025-12-08 20:35:00,000 INFO o.a.j.r.Summariser: summary + 500995 in 00:00:30 = 16699.8/s Avg:     1 Min:     0 Max: 42153 Err:    22 (0.00%) Active: 57 Started: 77 Finished: 20
2025-12-08 20:35:00,373 INFO o.a.j.t.JMeterThread: Thread started: jp@gc - Stepping Thread Group 3-45
2025-12-08 20:35:02,751 INFO o.a.j.r.Summariser: summary = 1293464 in 00:01:20 = 16205.0/s Avg:     1 Min:     0 Max: 42153 Err:    66 (0.01%)
2025-12-08 20:35:08,223 INFO o.a.j.t.JMeterThread: Thread started: jp@gc - Stepping Thread Group 3-49
2025-12-08 20:35:08,474 INFO o.a.j.t.JMeterThread: Thread started: jp@gc - Stepping Thread Group 3-50
2025-12-08 20:35:08,724 INFO o.a.j.t.JMeterThread: Thread started: jp@gc - Stepping Thread Group 3-51
2025-12-08 20:35:08,974 INFO o.a.j.t.JMeterThread: Thread started: jp@gc - Stepping Thread Group 3-52
2025-12-08 20:35:19,277 INFO o.a.j.t.JMeterThread: Thread started: jp@gc - Stepping Thread Group 3-53
2025-12-08 20:35:19,473 INFO o.a.j.t.JMeterThread: Thread started: jp@gc - Stepping Thread Group 3-54
2025-12-08 20:35:19,723 INFO o.a.j.t.JMeterThread: Thread started: jp@gc - Stepping Thread Group 3-55
2025-12-08 20:35:21,647 INFO o.a.j.t.JMeterThread: Thread started: jp@gc - Stepping Thread Group 3-56
2025-12-08 20:35:30,000 INFO o.a.j.r.Summariser: summary + 504612 in 00:00:30 = 16820.4/s Avg:     0 Min:     0 Max:  5589 Err:    11 (0.00%) Active: 66 Started: 86 Finished: 20
2025-12-08 20:35:30,083 INFO o.a.j.r.Summariser: summary = 1798076 in 00:01:50 = 16373.1/s Avg:     0 Min:     0 Max: 42153 Err:    77 (0.00%)
2025-12-08 20:35:30,223 INFO o.a.j.t.JMeterThread: Thread started: jp@gc - Stepping Thread Group 3-57
2025-12-08 20:35:30,473 INFO o.a.j.t.JMeterThread: Thread started: jp@gc - Stepping Thread Group 3-58
2025-12-08 20:35:30,723 INFO o.a.j.t.JMeterThread: Thread started: jp@gc - Stepping Thread Group 3-59
2025-12-08 20:35:30,973 INFO o.a.j.t.JMeterThread: Thread started: jp@gc - Stepping Thread Group 3-60
2025-12-08 20:35:41,224 INFO o.a.j.t.JMeterThread: Thread started: jp@gc - Stepping Thread Group 3-61
2025-12-08 20:35:41,473 INFO o.a.j.t.JMeterThread: Thread started: jp@gc - Stepping Thread Group 3-62
2025-12-08 20:35:41,723 INFO o.a.j.t.JMeterThread: Thread started: jp@gc - Stepping Thread Group 3-63
2025-12-08 20:35:44,437 INFO o.a.j.t.JMeterThread: Thread started: jp@gc - Stepping Thread Group 3-64
2025-12-08 20:35:52,473 INFO o.a.j.t.JMeterThread: Thread started: jp@gc - Stepping Thread Group 3-66
2025-12-08 20:35:52,723 INFO o.a.j.t.JMeterThread: Thread started: jp@gc - Stepping Thread Group 3-67
2025-12-08 20:35:54,202 INFO o.a.j.t.JMeterThread: Thread started: jp@gc - Stepping Thread Group 3-65
2025-12-08 20:35:54,269 INFO o.a.j.t.JMeterThread: Thread started: jp@gc - Stepping Thread Group 3-68
2025-12-08 20:36:00,000 INFO o.a.j.r.Summariser: summary + 512021 in 00:00:30 = 17067.4/s Avg:     0 Min:     0 Max:  4962 Err:     3 (0.00%) Active: 78 Started: 98 Finished: 20
2025-12-08 20:36:03,447 INFO o.a.j.r.Summariser: summary = 2310097 in 00:02:20 = 16522.1/s Avg:     0 Min:     0 Max: 42153 Err:    80 (0.00%)
2025-12-08 20:36:03,447 INFO o.a.j.t.JMeterThread: Thread started: jp@gc - Stepping Thread Group 3-69
2025-12-08 20:36:03,473 INFO o.a.j.t.JMeterThread: Thread started: jp@gc - Stepping Thread Group 3-70
2025-12-08 20:36:03,973 INFO o.a.j.t.JMeterThread: Thread started: jp@gc - Stepping Thread Group 3-72
2025-12-08 20:36:05,752 INFO o.a.j.t.JMeterThread: Thread started: jp@gc - Stepping Thread Group 3-71
2025-12-08 20:36:14,724 INFO o.a.j.t.JMeterThread: Thread started: jp@gc - Stepping Thread Group 3-75
2025-12-08 20:36:14,931 INFO o.a.j.t.JMeterThread: Thread started: jp@gc - Stepping Thread Group 3-73
2025-12-08 20:36:14,935 INFO o.a.j.t.JMeterThread: Thread started: jp@gc - Stepping Thread Group 3-74
2025-12-08 20:36:14,973 INFO o.a.j.t.JMeterThread: Thread started: jp@gc - Stepping Thread Group 3-76
2025-12-08 20:36:25,223 INFO o.a.j.t.JMeterThread: Thread started: jp@gc - Stepping Thread Group 3-77
2025-12-08 20:36:25,723 INFO o.a.j.t.JMeterThread: Thread started: jp@gc - Stepping Thread Group 3-79
2025-12-08 20:36:25,973 INFO o.a.j.t.JMeterThread: Thread started: jp@gc - Stepping Thread Group 3-80
2025-12-08 20:36:26,359 INFO o.a.j.t.JMeterThread: Thread started: jp@gc - Stepping Thread Group 3-78
2025-12-08 20:36:30,000 INFO o.a.j.r.Summariser: summary + 517856 in 00:00:30 = 17261.9/s Avg:     0 Min:     0 Max:  9223 Err:     9 (0.00%) Active: 90 Started: 110 Finished: 20
2025-12-08 20:36:33,233 INFO o.a.j.r.Summariser: summary = 2827953 in 00:02:50 = 16652.7/s Avg:     0 Min:     0 Max: 42153 Err:    89 (0.00%)
2025-12-08 20:36:36,224 INFO o.a.j.t.JMeterThread: Thread started: jp@gc - Stepping Thread Group 3-81
2025-12-08 20:36:36,473 INFO o.a.j.t.JMeterThread: Thread started: jp@gc - Stepping Thread Group 3-82
2025-12-08 20:36:36,723 INFO o.a.j.t.JMeterThread: Thread started: jp@gc - Stepping Thread Group 3-83
2025-12-08 20:36:36,974 INFO o.a.j.t.JMeterThread: Thread started: jp@gc - Stepping Thread Group 3-84
2025-12-08 20:36:47,473 INFO o.a.j.t.JMeterThread: Thread started: jp@gc - Stepping Thread Group 3-86
2025-12-08 20:36:47,724 INFO o.a.j.t.JMeterThread: Thread started: jp@gc - Stepping Thread Group 3-87
2025-12-08 20:36:49,197 INFO o.a.j.t.JMeterThread: Thread started: jp@gc - Stepping Thread Group 3-85
2025-12-08 20:36:51,489 INFO o.a.j.t.JMeterThread: Thread started: jp@gc - Stepping Thread Group 3-88
2025-12-08 20:36:58,263 INFO o.a.j.t.JMeterThread: Thread started: jp@gc - Stepping Thread Group 3-89
2025-12-08 20:36:58,473 INFO o.a.j.t.JMeterThread: Thread started: jp@gc - Stepping Thread Group 3-90
2025-12-08 20:36:58,723 INFO o.a.j.t.JMeterThread: Thread started: jp@gc - Stepping Thread Group 3-91
2025-12-08 20:36:58,973 INFO o.a.j.t.JMeterThread: Thread started: jp@gc - Stepping Thread Group 3-92
2025-12-08 20:37:00,000 INFO o.a.j.r.Summariser: summary + 522133 in 00:00:30 = 17404.4/s Avg:     0 Min:     0 Max:  7684 Err:    11 (0.00%) Active: 102 Started: 122 Finished: 20
2025-12-08 20:37:02,696 INFO o.a.j.r.Summariser: summary = 3350086 in 00:03:20 = 16765.6/s Avg:     0 Min:     0 Max: 42153 Err:   100 (0.00%)
2025-12-08 20:37:09,223 INFO o.a.j.t.JMeterThread: Thread started: jp@gc - Stepping Thread Group 3-93
2025-12-08 20:37:09,472 INFO o.a.j.t.JMeterThread: Thread started: jp@gc - Stepping Thread Group 3-94
2025-12-08 20:37:09,787 INFO o.a.j.t.JMeterThread: Thread started: jp@gc - Stepping Thread Group 3-95
2025-12-08 20:37:09,972 INFO o.a.j.t.JMeterThread: Thread started: jp@gc - Stepping Thread Group 3-96
2025-12-08 20:37:20,223 INFO o.a.j.t.JMeterThread: Thread started: jp@gc - Stepping Thread Group 3-97
2025-12-08 20:37:20,723 INFO o.a.j.t.JMeterThread: Thread started: jp@gc - Stepping Thread Group 3-99
2025-12-08 20:37:20,973 INFO o.a.j.t.JMeterThread: Thread started: jp@gc - Stepping Thread Group 3-100
2025-12-08 20:37:25,873 INFO o.a.j.t.JMeterThread: Thread started: jp@gc - Stepping Thread Group 3-98
2025-12-08 20:37:30,000 INFO o.a.j.r.Summariser: summary + 515132 in 00:00:30 = 17171.1/s Avg:     0 Min:     0 Max: 10799 Err:    14 (0.00%) Active: 110 Started: 130 Finished: 20
2025-12-08 20:37:31,222 INFO o.a.j.t.JMeterThread: Stopping because end time detected by thread: jp@gc - Stepping Thread Group 3-78
2025-12-08 20:37:31,222 INFO o.a.j.t.JMeterThread: Stopping because end time detected by thread: jp@gc - Stepping Thread Group 3-71
2025-12-08 20:37:31,222 INFO o.a.j.t.JMeterThread: Stopping because end time detected by thread: jp@gc - Stepping Thread Group 3-8
2025-12-08 20:37:31,222 INFO o.a.j.t.JMeterThread: Stopping because end time detected by thread: jp@gc - Stepping Thread Group 3-57
2025-12-08 20:37:31,222 INFO o.a.j.t.JMeterThread: Stopping because end time detected by thread: jp@gc - Stepping Thread Group 3-28
2025-12-08 20:37:31,222 INFO o.a.j.t.JMeterThread: Thread finished: jp@gc - Stepping Thread Group 3-78
2025-12-08 20:37:31,222 INFO o.a.j.t.JMeterThread: Thread finished: jp@gc - Stepping Thread Group 3-57
2025-12-08 20:37:31,222 INFO o.a.j.t.JMeterThread: Thread finished: jp@gc - Stepping Thread Group 3-28
2025-12-08 20:37:31,222 INFO o.a.j.t.JMeterThread: Thread finished: jp@gc - Stepping Thread Group 3-71
2025-12-08 20:37:31,222 INFO o.a.j.t.JMeterThread: Stopping because end time detected by thread: jp@gc - Stepping Thread Group 3-76
2025-12-08 20:37:31,222 INFO o.a.j.t.JMeterThread: Thread finished: jp@gc - Stepping Thread Group 3-76
2025-12-08 20:37:31,222 INFO o.a.j.t.JMeterThread: Stopping because end time detected by thread: jp@gc - Stepping Thread Group 3-74
2025-12-08 20:37:31,223 INFO o.a.j.t.JMeterThread: Thread finished: jp@gc - Stepping Thread Group 3-74
2025-12-08 20:37:31,223 INFO o.a.j.t.JMeterThread: Thread finished: jp@gc - Stepping Thread Group 3-8
2025-12-08 20:37:31,223 INFO o.a.j.t.JMeterThread: Stopping because end time detected by thread: jp@gc - Stepping Thread Group 3-38
2025-12-08 20:37:31,223 INFO o.a.j.t.JMeterThread: Thread finished: jp@gc - Stepping Thread Group 3-38
2025-12-08 20:37:31,223 INFO o.a.j.t.JMeterThread: Stopping because end time detected by thread: jp@gc - Stepping Thread Group 3-9
2025-12-08 20:37:31,223 INFO o.a.j.t.JMeterThread: Thread finished: jp@gc - Stepping Thread Group 3-9
2025-12-08 20:37:31,223 INFO o.a.j.t.JMeterThread: Stopping because end time detected by thread: jp@gc - Stepping Thread Group 3-44
2025-12-08 20:37:31,223 INFO o.a.j.t.JMeterThread: Thread finished: jp@gc - Stepping Thread Group 3-44
2025-12-08 20:37:31,223 INFO o.a.j.t.JMeterThread: Stopping because end time detected by thread: jp@gc - Stepping Thread Group 3-83
2025-12-08 20:37:31,223 INFO o.a.j.t.JMeterThread: Thread finished: jp@gc - Stepping Thread Group 3-83
2025-12-08 20:37:31,223 INFO o.a.j.t.JMeterThread: Stopping because end time detected by thread: jp@gc - Stepping Thread Group 3-48
2025-12-08 20:37:31,224 INFO o.a.j.t.JMeterThread: Thread finished: jp@gc - Stepping Thread Group 3-48
2025-12-08 20:37:31,224 INFO o.a.j.t.JMeterThread: Stopping because end time detected by thread: jp@gc - Stepping Thread Group 3-21
2025-12-08 20:37:31,224 INFO o.a.j.t.JMeterThread: Thread finished: jp@gc - Stepping Thread Group 3-21
2025-12-08 20:37:31,224 INFO o.a.j.t.JMeterThread: Stopping because end time detected by thread: jp@gc - Stepping Thread Group 3-84
2025-12-08 20:37:31,224 INFO o.a.j.t.JMeterThread: Thread finished: jp@gc - Stepping Thread Group 3-84
2025-12-08 20:37:31,224 INFO o.a.j.t.JMeterThread: Stopping because end time detected by thread: jp@gc - Stepping Thread Group 3-79
2025-12-08 20:37:31,224 INFO o.a.j.t.JMeterThread: Thread finished: jp@gc - Stepping Thread Group 3-79
2025-12-08 20:37:31,224 INFO o.a.j.t.JMeterThread: Stopping because end time detected by thread: jp@gc - Stepping Thread Group 3-22
2025-12-08 20:37:31,224 INFO o.a.j.t.JMeterThread: Stopping because end time detected by thread: jp@gc - Stepping Thread Group 3-49
2025-12-08 20:37:31,224 INFO o.a.j.t.JMeterThread: Thread finished: jp@gc - Stepping Thread Group 3-22
2025-12-08 20:37:31,224 INFO o.a.j.t.JMeterThread: Thread finished: jp@gc - Stepping Thread Group 3-49
2025-12-08 20:37:31,224 INFO o.a.j.t.JMeterThread: Stopping because end time detected by thread: jp@gc - Stepping Thread Group 3-42
2025-12-08 20:37:31,224 INFO o.a.j.t.JMeterThread: Stopping because end time detected by thread: jp@gc - Stepping Thread Group 3-14
2025-12-08 20:37:31,224 INFO o.a.j.t.JMeterThread: Thread finished: jp@gc - Stepping Thread Group 3-14
2025-12-08 20:37:31,224 INFO o.a.j.t.JMeterThread: Stopping because end time detected by thread: jp@gc - Stepping Thread Group 3-26
2025-12-08 20:37:31,225 INFO o.a.j.t.JMeterThread: Thread finished: jp@gc - Stepping Thread Group 3-26
2025-12-08 20:37:31,225 INFO o.a.j.t.JMeterThread: Thread finished: jp@gc - Stepping Thread Group 3-42
2025-12-08 20:37:31,225 INFO o.a.j.t.JMeterThread: Stopping because end time detected by thread: jp@gc - Stepping Thread Group 3-88
2025-12-08 20:37:31,225 INFO o.a.j.t.JMeterThread: Thread finished: jp@gc - Stepping Thread Group 3-88
2025-12-08 20:37:31,225 INFO o.a.j.t.JMeterThread: Stopping because end time detected by thread: jp@gc - Stepping Thread Group 3-1
2025-12-08 20:37:31,225 INFO o.a.j.t.JMeterThread: Thread finished: jp@gc - Stepping Thread Group 3-1
2025-12-08 20:37:31,226 INFO o.a.j.t.JMeterThread: Stopping because end time detected by thread: jp@gc - Stepping Thread Group 3-4
2025-12-08 20:37:31,226 INFO o.a.j.t.JMeterThread: Thread finished: jp@gc - Stepping Thread Group 3-4
2025-12-08 20:37:31,227 INFO o.a.j.t.JMeterThread: Stopping because end time detected by thread: jp@gc - Stepping Thread Group 3-63
2025-12-08 20:37:31,227 INFO o.a.j.t.JMeterThread: Thread finished: jp@gc - Stepping Thread Group 3-63
2025-12-08 20:37:31,227 INFO o.a.j.t.JMeterThread: Stopping because end time detected by thread: jp@gc - Stepping Thread Group 3-77
2025-12-08 20:37:31,228 INFO o.a.j.t.JMeterThread: Thread finished: jp@gc - Stepping Thread Group 3-77
2025-12-08 20:37:31,228 INFO o.a.j.t.JMeterThread: Stopping because end time detected by thread: jp@gc - Stepping Thread Group 3-15
2025-12-08 20:37:31,228 INFO o.a.j.t.JMeterThread: Thread finished: jp@gc - Stepping Thread Group 3-15
2025-12-08 20:37:31,229 INFO o.a.j.t.JMeterThread: Stopping because end time detected by thread: jp@gc - Stepping Thread Group 3-81
2025-12-08 20:37:31,229 INFO o.a.j.t.JMeterThread: Thread finished: jp@gc - Stepping Thread Group 3-81
2025-12-08 20:37:31,231 INFO o.a.j.t.JMeterThread: Stopping because end time detected by thread: jp@gc - Stepping Thread Group 3-24
2025-12-08 20:37:31,231 INFO o.a.j.t.JMeterThread: Thread finished: jp@gc - Stepping Thread Group 3-24
2025-12-08 20:37:31,232 INFO o.a.j.t.JMeterThread: Stopping because end time detected by thread: jp@gc - Stepping Thread Group 3-70
2025-12-08 20:37:31,232 INFO o.a.j.t.JMeterThread: Thread finished: jp@gc - Stepping Thread Group 3-70
2025-12-08 20:37:31,232 INFO o.a.j.t.JMeterThread: Stopping because end time detected by thread: jp@gc - Stepping Thread Group 3-82
2025-12-08 20:37:31,232 INFO o.a.j.t.JMeterThread: Thread finished: jp@gc - Stepping Thread Group 3-82
2025-12-08 20:37:31,233 INFO o.a.j.t.JMeterThread: Stopping because end time detected by thread: jp@gc - Stepping Thread Group 3-23
2025-12-08 20:37:31,233 INFO o.a.j.t.JMeterThread: Thread finished: jp@gc - Stepping Thread Group 3-23
2025-12-08 20:37:31,233 INFO o.a.j.t.JMeterThread: Stopping because end time detected by thread: jp@gc - Stepping Thread Group 3-95
2025-12-08 20:37:31,233 INFO o.a.j.t.JMeterThread: Thread finished: jp@gc - Stepping Thread Group 3-95
2025-12-08 20:37:31,234 INFO o.a.j.t.JMeterThread: Stopping because end time detected by thread: jp@gc - Stepping Thread Group 3-54
2025-12-08 20:37:31,234 INFO o.a.j.t.JMeterThread: Thread finished: jp@gc - Stepping Thread Group 3-54
2025-12-08 20:37:31,235 INFO o.a.j.t.JMeterThread: Stopping because end time detected by thread: jp@gc - Stepping Thread Group 3-34
2025-12-08 20:37:31,235 INFO o.a.j.t.JMeterThread: Thread finished: jp@gc - Stepping Thread Group 3-34
2025-12-08 20:37:31,235 INFO o.a.j.t.JMeterThread: Stopping because end time detected by thread: jp@gc - Stepping Thread Group 3-91
2025-12-08 20:37:31,235 INFO o.a.j.t.JMeterThread: Thread finished: jp@gc - Stepping Thread Group 3-91
2025-12-08 20:37:31,236 INFO o.a.j.t.JMeterThread: Stopping because end time detected by thread: jp@gc - Stepping Thread Group 3-87
2025-12-08 20:37:31,236 INFO o.a.j.t.JMeterThread: Stopping because end time detected by thread: jp@gc - Stepping Thread Group 3-73
2025-12-08 20:37:31,236 INFO o.a.j.t.JMeterThread: Thread finished: jp@gc - Stepping Thread Group 3-87
2025-12-08 20:37:31,236 INFO o.a.j.t.JMeterThread: Thread finished: jp@gc - Stepping Thread Group 3-73
2025-12-08 20:37:31,237 INFO o.a.j.t.JMeterThread: Stopping because end time detected by thread: jp@gc - Stepping Thread Group 3-40
2025-12-08 20:37:31,237 INFO o.a.j.t.JMeterThread: Thread finished: jp@gc - Stepping Thread Group 3-40
2025-12-08 20:37:31,237 INFO o.a.j.t.JMeterThread: Stopping because end time detected by thread: jp@gc - Stepping Thread Group 3-43
2025-12-08 20:37:31,237 INFO o.a.j.t.JMeterThread: Thread finished: jp@gc - Stepping Thread Group 3-43
2025-12-08 20:37:31,236 INFO o.a.j.t.JMeterThread: Stopping because end time detected by thread: jp@gc - Stepping Thread Group 3-19
2025-12-08 20:37:31,237 INFO o.a.j.t.JMeterThread: Thread finished: jp@gc - Stepping Thread Group 3-19
2025-12-08 20:37:31,237 INFO o.a.j.t.JMeterThread: Stopping because end time detected by thread: jp@gc - Stepping Thread Group 3-66
2025-12-08 20:37:31,237 INFO o.a.j.t.JMeterThread: Thread finished: jp@gc - Stepping Thread Group 3-66
2025-12-08 20:37:31,237 INFO o.a.j.t.JMeterThread: Stopping because end time detected by thread: jp@gc - Stepping Thread Group 3-61
2025-12-08 20:37:31,237 INFO o.a.j.t.JMeterThread: Thread finished: jp@gc - Stepping Thread Group 3-61
2025-12-08 20:37:31,237 INFO o.a.j.t.JMeterThread: Stopping because end time detected by thread: jp@gc - Stepping Thread Group 3-32
2025-12-08 20:37:31,237 INFO o.a.j.t.JMeterThread: Thread finished: jp@gc - Stepping Thread Group 3-32
2025-12-08 20:37:31,238 INFO o.a.j.t.JMeterThread: Stopping because end time detected by thread: jp@gc - Stepping Thread Group 3-67
2025-12-08 20:37:31,239 INFO o.a.j.t.JMeterThread: Thread finished: jp@gc - Stepping Thread Group 3-67
2025-12-08 20:37:31,239 INFO o.a.j.t.JMeterThread: Stopping because end time detected by thread: jp@gc - Stepping Thread Group 3-85
2025-12-08 20:37:31,239 INFO o.a.j.t.JMeterThread: Thread finished: jp@gc - Stepping Thread Group 3-85
2025-12-08 20:37:31,239 INFO o.a.j.t.JMeterThread: Stopping because end time detected by thread: jp@gc - Stepping Thread Group 3-36
2025-12-08 20:37:31,239 INFO o.a.j.t.JMeterThread: Thread finished: jp@gc - Stepping Thread Group 3-36
2025-12-08 20:37:31,239 INFO o.a.j.t.JMeterThread: Stopping because end time detected by thread: jp@gc - Stepping Thread Group 3-13
2025-12-08 20:37:31,239 INFO o.a.j.t.JMeterThread: Stopping because end time detected by thread: jp@gc - Stepping Thread Group 3-92
2025-12-08 20:37:31,239 INFO o.a.j.t.JMeterThread: Thread finished: jp@gc - Stepping Thread Group 3-13
2025-12-08 20:37:31,240 INFO o.a.j.t.JMeterThread: Thread finished: jp@gc - Stepping Thread Group 3-92
2025-12-08 20:37:31,240 INFO o.a.j.t.JMeterThread: Stopping because end time detected by thread: jp@gc - Stepping Thread Group 3-69
2025-12-08 20:37:31,240 INFO o.a.j.t.JMeterThread: Stopping because end time detected by thread: jp@gc - Stepping Thread Group 3-17
2025-12-08 20:37:31,240 INFO o.a.j.t.JMeterThread: Thread finished: jp@gc - Stepping Thread Group 3-69
2025-12-08 20:37:31,240 INFO o.a.j.t.JMeterThread: Thread finished: jp@gc - Stepping Thread Group 3-17
2025-12-08 20:37:31,240 INFO o.a.j.t.JMeterThread: Stopping because end time detected by thread: jp@gc - Stepping Thread Group 3-80
2025-12-08 20:37:31,240 INFO o.a.j.t.JMeterThread: Thread finished: jp@gc - Stepping Thread Group 3-80
2025-12-08 20:37:31,240 INFO o.a.j.t.JMeterThread: Stopping because end time detected by thread: jp@gc - Stepping Thread Group 3-56
2025-12-08 20:37:31,240 INFO o.a.j.t.JMeterThread: Thread finished: jp@gc - Stepping Thread Group 3-56
2025-12-08 20:37:31,241 INFO o.a.j.t.JMeterThread: Stopping because end time detected by thread: jp@gc - Stepping Thread Group 3-59
2025-12-08 20:37:31,241 INFO o.a.j.t.JMeterThread: Thread finished: jp@gc - Stepping Thread Group 3-59
2025-12-08 20:37:31,241 INFO o.a.j.t.JMeterThread: Stopping because end time detected by thread: jp@gc - Stepping Thread Group 3-25
2025-12-08 20:37:31,241 INFO o.a.j.t.JMeterThread: Thread finished: jp@gc - Stepping Thread Group 3-25
2025-12-08 20:37:31,242 INFO o.a.j.t.JMeterThread: Stopping because end time detected by thread: jp@gc - Stepping Thread Group 3-33
2025-12-08 20:37:31,242 INFO o.a.j.t.JMeterThread: Thread finished: jp@gc - Stepping Thread Group 3-33
2025-12-08 20:37:31,244 INFO o.a.j.t.JMeterThread: Stopping because end time detected by thread: jp@gc - Stepping Thread Group 3-31
2025-12-08 20:37:31,286 INFO o.a.j.t.JMeterThread: Thread finished: jp@gc - Stepping Thread Group 3-31
2025-12-08 20:37:31,287 INFO o.a.j.t.JMeterThread: Stopping because end time detected by thread: jp@gc - Stepping Thread Group 3-16
2025-12-08 20:37:31,287 INFO o.a.j.t.JMeterThread: Thread finished: jp@gc - Stepping Thread Group 3-16
2025-12-08 20:37:31,288 INFO o.a.j.t.JMeterThread: Stopping because end time detected by thread: jp@gc - Stepping Thread Group 3-27
2025-12-08 20:37:31,288 INFO o.a.j.t.JMeterThread: Thread finished: jp@gc - Stepping Thread Group 3-27
2025-12-08 20:37:31,289 INFO o.a.j.t.JMeterThread: Stopping because end time detected by thread: jp@gc - Stepping Thread Group 3-96
2025-12-08 20:37:31,289 INFO o.a.j.t.JMeterThread: Thread finished: jp@gc - Stepping Thread Group 3-96
2025-12-08 20:37:31,289 INFO o.a.j.t.JMeterThread: Stopping because end time detected by thread: jp@gc - Stepping Thread Group 3-20
2025-12-08 20:37:31,289 INFO o.a.j.t.JMeterThread: Thread finished: jp@gc - Stepping Thread Group 3-20
2025-12-08 20:37:31,290 INFO o.a.j.t.JMeterThread: Stopping because end time detected by thread: jp@gc - Stepping Thread Group 3-3
2025-12-08 20:37:31,290 INFO o.a.j.t.JMeterThread: Thread finished: jp@gc - Stepping Thread Group 3-3
2025-12-08 20:37:31,290 INFO o.a.j.t.JMeterThread: Stopping because end time detected by thread: jp@gc - Stepping Thread Group 3-90
2025-12-08 20:37:31,290 INFO o.a.j.t.JMeterThread: Thread finished: jp@gc - Stepping Thread Group 3-90
2025-12-08 20:37:31,291 INFO o.a.j.t.JMeterThread: Stopping because end time detected by thread: jp@gc - Stepping Thread Group 3-37
2025-12-08 20:37:31,291 INFO o.a.j.t.JMeterThread: Thread finished: jp@gc - Stepping Thread Group 3-37
2025-12-08 20:37:31,292 INFO o.a.j.t.JMeterThread: Stopping because end time detected by thread: jp@gc - Stepping Thread Group 3-29
2025-12-08 20:37:31,292 INFO o.a.j.t.JMeterThread: Thread finished: jp@gc - Stepping Thread Group 3-29
2025-12-08 20:37:31,293 INFO o.a.j.t.JMeterThread: Stopping because end time detected by thread: jp@gc - Stepping Thread Group 3-65
2025-12-08 20:37:31,293 INFO o.a.j.t.JMeterThread: Stopping because end time detected by thread: jp@gc - Stepping Thread Group 3-47
2025-12-08 20:37:31,293 INFO o.a.j.t.JMeterThread: Thread finished: jp@gc - Stepping Thread Group 3-65
2025-12-08 20:37:31,293 INFO o.a.j.t.JMeterThread: Thread finished: jp@gc - Stepping Thread Group 3-47
2025-12-08 20:37:31,293 INFO o.a.j.t.JMeterThread: Stopping because end time detected by thread: jp@gc - Stepping Thread Group 3-5
2025-12-08 20:37:31,293 INFO o.a.j.t.JMeterThread: Stopping because end time detected by thread: jp@gc - Stepping Thread Group 3-53
2025-12-08 20:37:31,293 INFO o.a.j.t.JMeterThread: Thread finished: jp@gc - Stepping Thread Group 3-53
2025-12-08 20:37:31,293 INFO o.a.j.t.JMeterThread: Thread finished: jp@gc - Stepping Thread Group 3-5
2025-12-08 20:37:31,293 INFO o.a.j.t.JMeterThread: Stopping because end time detected by thread: jp@gc - Stepping Thread Group 3-68
2025-12-08 20:37:31,294 INFO o.a.j.t.JMeterThread: Thread finished: jp@gc - Stepping Thread Group 3-68
2025-12-08 20:37:31,294 INFO o.a.j.t.JMeterThread: Stopping because end time detected by thread: jp@gc - Stepping Thread Group 3-12
2025-12-08 20:37:31,294 INFO o.a.j.t.JMeterThread: Stopping because end time detected by thread: jp@gc - Stepping Thread Group 3-50
2025-12-08 20:37:31,294 INFO o.a.j.t.JMeterThread: Thread finished: jp@gc - Stepping Thread Group 3-12
2025-12-08 20:37:31,294 INFO o.a.j.t.JMeterThread: Thread finished: jp@gc - Stepping Thread Group 3-50
2025-12-08 20:37:31,294 INFO o.a.j.t.JMeterThread: Stopping because end time detected by thread: jp@gc - Stepping Thread Group 3-89
2025-12-08 20:37:31,294 INFO o.a.j.t.JMeterThread: Stopping because end time detected by thread: jp@gc - Stepping Thread Group 3-10
2025-12-08 20:37:31,294 INFO o.a.j.t.JMeterThread: Thread finished: jp@gc - Stepping Thread Group 3-89
2025-12-08 20:37:31,294 INFO o.a.j.t.JMeterThread: Thread finished: jp@gc - Stepping Thread Group 3-10
2025-12-08 20:37:31,294 INFO o.a.j.t.JMeterThread: Stopping because end time detected by thread: jp@gc - Stepping Thread Group 3-18
2025-12-08 20:37:31,294 INFO o.a.j.t.JMeterThread: Thread finished: jp@gc - Stepping Thread Group 3-18
2025-12-08 20:37:31,295 INFO o.a.j.t.JMeterThread: Stopping because end time detected by thread: jp@gc - Stepping Thread Group 3-75
2025-12-08 20:37:31,295 INFO o.a.j.t.JMeterThread: Thread finished: jp@gc - Stepping Thread Group 3-75
2025-12-08 20:37:31,295 INFO o.a.j.t.JMeterThread: Stopping because end time detected by thread: jp@gc - Stepping Thread Group 3-86
2025-12-08 20:37:31,295 INFO o.a.j.t.JMeterThread: Thread finished: jp@gc - Stepping Thread Group 3-86
2025-12-08 20:37:31,295 INFO o.a.j.t.JMeterThread: Stopping because end time detected by thread: jp@gc - Stepping Thread Group 3-7
2025-12-08 20:37:31,295 INFO o.a.j.t.JMeterThread: Thread finished: jp@gc - Stepping Thread Group 3-7
2025-12-08 20:37:31,295 INFO o.a.j.t.JMeterThread: Stopping because end time detected by thread: jp@gc - Stepping Thread Group 3-46
2025-12-08 20:37:31,295 INFO o.a.j.t.JMeterThread: Thread finished: jp@gc - Stepping Thread Group 3-46
2025-12-08 20:37:31,296 INFO o.a.j.t.JMeterThread: Stopping because end time detected by thread: jp@gc - Stepping Thread Group 3-35
2025-12-08 20:37:31,296 INFO o.a.j.t.JMeterThread: Thread finished: jp@gc - Stepping Thread Group 3-35
2025-12-08 20:37:31,296 INFO o.a.j.t.JMeterThread: Stopping because end time detected by thread: jp@gc - Stepping Thread Group 3-52
2025-12-08 20:37:31,296 INFO o.a.j.t.JMeterThread: Thread finished: jp@gc - Stepping Thread Group 3-52
2025-12-08 20:37:31,296 INFO o.a.j.t.JMeterThread: Stopping because end time detected by thread: jp@gc - Stepping Thread Group 3-51
2025-12-08 20:37:31,296 INFO o.a.j.t.JMeterThread: Thread finished: jp@gc - Stepping Thread Group 3-51
2025-12-08 20:37:31,296 INFO o.a.j.t.JMeterThread: Stopping because end time detected by thread: jp@gc - Stepping Thread Group 3-62
2025-12-08 20:37:31,296 INFO o.a.j.t.JMeterThread: Thread finished: jp@gc - Stepping Thread Group 3-62
2025-12-08 20:37:31,296 INFO o.a.j.t.JMeterThread: Stopping because end time detected by thread: jp@gc - Stepping Thread Group 3-30
2025-12-08 20:37:31,297 INFO o.a.j.t.JMeterThread: Thread finished: jp@gc - Stepping Thread Group 3-30
2025-12-08 20:37:31,297 INFO o.a.j.t.JMeterThread: Stopping because end time detected by thread: jp@gc - Stepping Thread Group 3-93
2025-12-08 20:37:31,297 INFO o.a.j.t.JMeterThread: Thread finished: jp@gc - Stepping Thread Group 3-93
2025-12-08 20:37:31,297 INFO o.a.j.t.JMeterThread: Stopping because end time detected by thread: jp@gc - Stepping Thread Group 3-94
2025-12-08 20:37:31,297 INFO o.a.j.t.JMeterThread: Thread finished: jp@gc - Stepping Thread Group 3-94
2025-12-08 20:37:31,297 INFO o.a.j.t.JMeterThread: Stopping because end time detected by thread: jp@gc - Stepping Thread Group 3-58
2025-12-08 20:37:31,297 INFO o.a.j.t.JMeterThread: Thread finished: jp@gc - Stepping Thread Group 3-58
2025-12-08 20:37:31,297 INFO o.a.j.t.JMeterThread: Stopping because end time detected by thread: jp@gc - Stepping Thread Group 3-45
2025-12-08 20:37:31,297 INFO o.a.j.t.JMeterThread: Thread finished: jp@gc - Stepping Thread Group 3-45
2025-12-08 20:37:31,298 INFO o.a.j.t.JMeterThread: Stopping because end time detected by thread: jp@gc - Stepping Thread Group 3-72
2025-12-08 20:37:31,298 INFO o.a.j.t.JMeterThread: Thread finished: jp@gc - Stepping Thread Group 3-72
2025-12-08 20:37:31,298 INFO o.a.j.t.JMeterThread: Stopping because end time detected by thread: jp@gc - Stepping Thread Group 3-6
2025-12-08 20:37:31,298 INFO o.a.j.t.JMeterThread: Thread finished: jp@gc - Stepping Thread Group 3-6
2025-12-08 20:37:31,298 INFO o.a.j.t.JMeterThread: Stopping because end time detected by thread: jp@gc - Stepping Thread Group 3-2
2025-12-08 20:37:31,298 INFO o.a.j.t.JMeterThread: Thread finished: jp@gc - Stepping Thread Group 3-2
2025-12-08 20:37:31,298 INFO o.a.j.t.JMeterThread: Stopping because end time detected by thread: jp@gc - Stepping Thread Group 3-41
2025-12-08 20:37:31,299 INFO o.a.j.t.JMeterThread: Thread finished: jp@gc - Stepping Thread Group 3-41
2025-12-08 20:37:31,299 INFO o.a.j.t.JMeterThread: Stopping because end time detected by thread: jp@gc - Stepping Thread Group 3-64
2025-12-08 20:37:31,299 INFO o.a.j.t.JMeterThread: Thread finished: jp@gc - Stepping Thread Group 3-64
2025-12-08 20:37:31,299 INFO o.a.j.t.JMeterThread: Stopping because end time detected by thread: jp@gc - Stepping Thread Group 3-39
2025-12-08 20:37:31,300 INFO o.a.j.t.JMeterThread: Stopping because end time detected by thread: jp@gc - Stepping Thread Group 3-60
2025-12-08 20:37:31,300 INFO o.a.j.t.JMeterThread: Thread finished: jp@gc - Stepping Thread Group 3-39
2025-12-08 20:37:31,300 INFO o.a.j.t.JMeterThread: Thread finished: jp@gc - Stepping Thread Group 3-60
2025-12-08 20:37:31,300 INFO o.a.j.t.JMeterThread: Stopping because end time detected by thread: jp@gc - Stepping Thread Group 3-55
2025-12-08 20:37:31,300 INFO o.a.j.t.JMeterThread: Thread finished: jp@gc - Stepping Thread Group 3-55
2025-12-08 20:37:31,301 INFO o.a.j.t.JMeterThread: Stopping because end time detected by thread: jp@gc - Stepping Thread Group 3-11
2025-12-08 20:37:31,301 INFO o.a.j.t.JMeterThread: Thread finished: jp@gc - Stepping Thread Group 3-11
2025-12-08 20:37:35,191 INFO o.a.j.t.JMeterThread: Stopping because end time detected by thread: jp@gc - Stepping Thread Group 3-98
2025-12-08 20:37:35,191 INFO o.a.j.t.JMeterThread: Thread finished: jp@gc - Stepping Thread Group 3-98
2025-12-08 20:37:35,496 INFO o.a.j.t.JMeterThread: Stopping because end time detected by thread: jp@gc - Stepping Thread Group 3-99
2025-12-08 20:37:35,496 INFO o.a.j.t.JMeterThread: Thread finished: jp@gc - Stepping Thread Group 3-99
2025-12-08 20:37:36,728 INFO o.a.j.r.Summariser: summary = 3865218 in 00:03:50 = 16818.5/s Avg:     0 Min:     0 Max: 42153 Err:   114 (0.00%)
2025-12-08 20:37:40,219 INFO o.a.j.t.JMeterThread: Stopping because end time detected by thread: reponse time 2-1
2025-12-08 20:37:40,219 INFO o.a.j.t.JMeterThread: Stopping because end time detected by thread: reponse time 2-2
2025-12-08 20:37:40,219 INFO o.a.j.t.JMeterThread: Thread finished: reponse time 2-1
2025-12-08 20:37:40,219 INFO o.a.j.t.JMeterThread: Thread finished: reponse time 2-2
2025-12-08 20:37:40,220 INFO o.a.j.t.JMeterThread: Stopping because end time detected by thread: reponse time 2-4
2025-12-08 20:37:40,220 INFO o.a.j.t.JMeterThread: Thread finished: reponse time 2-4
2025-12-08 20:37:40,220 INFO o.a.j.t.JMeterThread: Stopping because end time detected by thread: reponse time 2-5
2025-12-08 20:37:40,220 INFO o.a.j.t.JMeterThread: Thread finished: reponse time 2-5
2025-12-08 20:37:40,221 INFO o.a.j.t.JMeterThread: Stopping because end time detected by thread: reponse time 2-10
2025-12-08 20:37:40,221 INFO o.a.j.t.JMeterThread: Stopping because end time detected by thread: reponse time 2-8
2025-12-08 20:37:40,221 INFO o.a.j.t.JMeterThread: Thread finished: reponse time 2-10
2025-12-08 20:37:40,221 INFO o.a.j.t.JMeterThread: Thread finished: reponse time 2-8
2025-12-08 20:37:40,222 INFO o.a.j.t.JMeterThread: Stopping because end time detected by thread: reponse time 2-9
2025-12-08 20:37:40,222 INFO o.a.j.t.JMeterThread: Thread finished: reponse time 2-9
2025-12-08 20:37:40,223 INFO o.a.j.t.JMeterThread: Stopping because end time detected by thread: reponse time 2-3
2025-12-08 20:37:40,223 INFO o.a.j.t.JMeterThread: Thread finished: reponse time 2-3
2025-12-08 20:37:40,227 INFO o.a.j.t.JMeterThread: Stopping because end time detected by thread: reponse time 2-7
2025-12-08 20:37:40,228 INFO o.a.j.t.JMeterThread: Thread finished: reponse time 2-7
2025-12-08 20:37:40,229 INFO o.a.j.t.JMeterThread: Stopping because end time detected by thread: jp@gc - Stepping Thread Group 3-97
2025-12-08 20:37:40,229 INFO o.a.j.t.JMeterThread: Thread finished: jp@gc - Stepping Thread Group 3-97
2025-12-08 20:37:40,230 INFO o.a.j.t.JMeterThread: Stopping because end time detected by thread: reponse time 2-6
2025-12-08 20:37:40,230 INFO o.a.j.t.JMeterThread: Thread finished: reponse time 2-6
2025-12-08 20:37:40,236 INFO o.a.j.t.JMeterThread: Stopping because end time detected by thread: jp@gc - Stepping Thread Group 3-100
2025-12-08 20:37:40,236 INFO o.a.j.t.JMeterThread: Thread finished: jp@gc - Stepping Thread Group 3-100
2025-12-08 20:37:40,236 INFO o.a.j.e.StandardJMeterEngine: Notifying test listeners of end of test
2025-12-08 20:37:40,254 INFO o.a.j.r.Summariser: summary + 178234 in 00:00:10 = 17381.9/s Avg:     0 Min:     0 Max: 20006 Err:     5 (0.00%) Active: 0 Started: 130 Finished: 130
2025-12-08 20:37:40,255 INFO o.a.j.r.Summariser: summary = 4043452 in 00:04:00 = 16842.6/s Avg:     0 Min:     0 Max: 42153 Err:   119 (0.00%)
2025-12-08 20:37:40,256 INFO o.a.j.JMeter: Generating Dashboard
2025-12-08 20:37:40,256 INFO o.a.j.r.d.ReportGenerator: Flushing result collector before report Generation
2025-12-08 20:37:40,292 INFO o.a.j.r.p.NormalizerSampleConsumer: Using format, 'ms', to parse timeStamp field
2025-12-08 20:38:49,651 INFO o.a.j.r.p.AbstractSampleConsumer: class org.apache.jmeter.report.processor.AggregateConsumer#stopProducing(): beginDate produced 0 samples
2025-12-08 20:38:49,651 INFO o.a.j.r.p.AbstractSampleConsumer: class org.apache.jmeter.report.processor.AggregateConsumer#stopProducing(): endDate produced 0 samples
2025-12-08 20:38:49,654 INFO o.a.j.r.p.AbstractSampleConsumer: class org.apache.jmeter.report.processor.ApdexSummaryConsumer#stopProducing(): apdexSummary produced 0 samples
2025-12-08 20:38:49,654 INFO o.a.j.r.p.AbstractSampleConsumer: class org.apache.jmeter.report.processor.RequestsSummaryConsumer#stopProducing(): requestsSummary produced 0 samples
2025-12-08 20:38:49,670 INFO o.a.j.r.p.AbstractSampleConsumer: class org.apache.jmeter.report.processor.StatisticsSummaryConsumer#stopProducing(): statisticsSummary produced 0 samples
2025-12-08 20:38:49,672 INFO o.a.j.r.p.AbstractSampleConsumer: class org.apache.jmeter.report.processor.Top5ErrorsBySamplerConsumer#stopProducing(): top5ErrorsBySampler produced 0 samples
2025-12-08 20:38:49,673 INFO o.a.j.r.p.AbstractSampleConsumer: class org.apache.jmeter.report.processor.ErrorsSummaryConsumer#stopProducing(): errorsSummary produced 0 samples
2025-12-08 20:38:49,673 INFO o.a.j.r.p.AbstractSampleConsumer: class org.apache.jmeter.report.processor.graph.impl.HitsPerSecondGraphConsumer#stopProducing(): hitsPerSecond produced 0 samples
2025-12-08 20:39:12,355 INFO o.a.j.r.p.AbstractSampleConsumer: class org.apache.jmeter.report.processor.graph.impl.LatencyVSRequestGraphConsumer#stopProducing(): latencyVsRequest produced 0 samples
2025-12-08 20:39:12,409 INFO o.a.j.r.p.AbstractSampleConsumer: class org.apache.jmeter.report.processor.graph.impl.SyntheticResponseTimeDistributionGraphConsumer#stopProducing(): syntheticResponseTimeDistribution produced 0 samples
2025-12-08 20:39:12,409 INFO o.a.j.r.p.AbstractSampleConsumer: class org.apache.jmeter.report.processor.graph.impl.BytesThroughputGraphConsumer#stopProducing(): bytesThroughputOverTime produced 0 samples
2025-12-08 20:39:12,409 INFO o.a.j.r.p.AbstractSampleConsumer: class org.apache.jmeter.report.processor.graph.impl.CodesPerSecondGraphConsumer#stopProducing(): codesPerSecond produced 0 samples
2025-12-08 20:39:35,100 INFO o.a.j.r.p.AbstractSampleConsumer: class org.apache.jmeter.report.processor.graph.impl.ResponseTimeVSRequestGraphConsumer#stopProducing(): responseTimeVsRequest produced 0 samples
2025-12-08 20:39:35,138 INFO o.a.j.r.p.AbstractSampleConsumer: class org.apache.jmeter.report.processor.FilterConsumer#stopProducing(): startIntervalControlerFilter produced 28304164 samples
2025-12-08 20:39:35,138 INFO o.a.j.r.p.AbstractSampleConsumer: class org.apache.jmeter.report.processor.graph.impl.TotalTPSGraphConsumer#stopProducing(): totalTPS produced 0 samples
2025-12-08 20:39:35,138 INFO o.a.j.r.p.AbstractSampleConsumer: class org.apache.jmeter.report.processor.graph.impl.ActiveThreadsGraphConsumer#stopProducing(): activeThreadsOverTime produced 0 samples
2025-12-08 20:39:35,138 INFO o.a.j.r.p.AbstractSampleConsumer: class org.apache.jmeter.report.processor.graph.impl.TimeVSThreadGraphConsumer#stopProducing(): timeVsThreads produced 0 samples
2025-12-08 20:39:35,138 INFO o.a.j.r.p.AbstractSampleConsumer: class org.apache.jmeter.report.processor.graph.impl.ResponseTimeDistributionGraphConsumer#stopProducing(): responseTimeDistribution produced 0 samples
2025-12-08 20:39:35,138 INFO o.a.j.r.p.AbstractSampleConsumer: class org.apache.jmeter.report.processor.graph.impl.TransactionsPerSecondGraphConsumer#stopProducing(): transactionsPerSecond produced 0 samples
2025-12-08 20:39:35,138 INFO o.a.j.r.p.AbstractSampleConsumer: class org.apache.jmeter.report.processor.graph.impl.ResponseTimePercentilesGraphConsumer#stopProducing(): responseTimePercentiles produced 0 samples
2025-12-08 20:39:35,140 INFO o.a.j.r.p.AbstractSampleConsumer: class org.apache.jmeter.report.processor.graph.impl.ResponseTimePercentilesOverTimeGraphConsumer#stopProducing(): responseTimePercentilesOverTime produced 0 samples
2025-12-08 20:39:35,144 INFO o.a.j.r.p.AbstractSampleConsumer: class org.apache.jmeter.report.processor.graph.impl.ResponseTimeOverTimeGraphConsumer#stopProducing(): responseTimesOverTime produced 0 samples
2025-12-08 20:39:35,144 INFO o.a.j.r.p.AbstractSampleConsumer: class org.apache.jmeter.report.processor.graph.impl.ConnectTimeOverTimeGraphConsumer#stopProducing(): connectTimeOverTime produced 0 samples
2025-12-08 20:39:35,144 INFO o.a.j.r.p.AbstractSampleConsumer: class org.apache.jmeter.report.processor.graph.impl.LatencyOverTimeGraphConsumer#stopProducing(): latenciesOverTime produced 0 samples
2025-12-08 20:39:35,144 INFO o.a.j.r.p.AbstractSampleConsumer: class org.apache.jmeter.report.processor.FilterConsumer#stopProducing(): nameFilter produced 60651780 samples
2025-12-08 20:39:35,145 INFO o.a.j.r.p.AbstractSampleConsumer: class org.apache.jmeter.report.processor.FilterConsumer#stopProducing(): dateRangeFilter produced 12130356 samples
2025-12-08 20:39:35,145 INFO o.a.j.r.p.AbstractSampleConsumer: class org.apache.jmeter.report.processor.NormalizerSampleConsumer#stopProducing(): normalizer produced 4043452 samples
2025-12-08 20:39:35,145 INFO o.a.j.r.p.CsvFileSampleSource: produce(): 4043452 samples produced in 1m 54s 825 ms on channel 0
2025-12-08 20:39:35,145 INFO o.a.j.r.d.ReportGenerator: Exporting data using exporter:'json' of className:'org.apache.jmeter.report.dashboard.JsonExporter'
2025-12-08 20:39:35,236 INFO o.a.j.r.d.JsonExporter: Found data for consumer statisticsSummaryin context
2025-12-08 20:39:35,236 INFO o.a.j.r.d.JsonExporter: Creating statistics for overall
2025-12-08 20:39:35,236 INFO o.a.j.r.d.JsonExporter: Creating statistics for other transactions
2025-12-08 20:39:35,237 INFO o.a.j.r.d.JsonExporter: Checking output folder
2025-12-08 20:39:35,238 INFO o.a.j.r.d.JsonExporter: Writing statistics JSON to C:\apache-jmeter-5.6.3\bin\jmeter_project\reports\statistics.json
2025-12-08 20:39:35,288 INFO o.a.j.r.d.ReportGenerator: Exporting data using exporter:'html' of className:'org.apache.jmeter.report.dashboard.HtmlTemplateExporter'
2025-12-08 20:39:35,291 INFO o.a.j.r.d.HtmlTemplateExporter: Will generate dashboard in folder: C:\apache-jmeter-5.6.3\bin\jmeter_project\reports
2025-12-08 20:39:35,427 INFO o.a.j.r.d.HtmlTemplateExporter: Report will be generated in: C:\apache-jmeter-5.6.3\bin\jmeter_project\reports, creating folder structure
2025-12-08 20:39:35,430 INFO o.a.j.r.d.TemplateVisitor: Copying folder from 'C:\apache-jmeter-5.6.3\bin\report-template' to 'C:\apache-jmeter-5.6.3\bin\jmeter_project\reports', got message: C:\apache-jmeter-5.6.3\bin\jmeter_project\reports, found non empty folder with following content [C:\apache-jmeter-5.6.3\bin\jmeter_project\reports\statistics.json], will be ignored
2025-12-08 20:39:35,897 INFO o.a.j.JMeter: Dashboard generated
